# JRE version: OpenJDK Runtime Environment (21.0.3) (build 21.0.3+-12282718-b509.11)
# Java VM: OpenJDK 64-Bit Server VM (21.0.3+-12282718-b509.11, mixed mode, tiered, compressed oops, compressed class ptrs, g1 gc, windows-amd64)
GC Precious Log:
 CardTable entry size: 512
 Card Set container configuration: InlinePtr #cards 5 size 8 Array Of Cards #cards 12 size 40 Howl #buckets 4 coarsen threshold 1843 Howl Bitmap #cards 512 size 80 coarsen threshold 460 Card regions per heap region 1 cards per card region 2048
 CPUs: 16 total, 16 available
 Memory: 16085M
 Large Page Support: Disabled
 NUMA Support: Disabled
 Compressed Oops: Enabled (32-bit)
 Heap Region Size: 1M
 Heap Min Capacity: 8M
 Heap Initial Capacity: 252M
 Heap Max Capacity: 2G
 Pre-touch: Disabled
 Parallel Workers: 13
 Concurrent Workers: 3
 Concurrent Refinement Workers: 13
 Periodic GC: Disabled
Heap:
 garbage-first heap   total 92160K, used 58163K [0x0000000080000000, 0x0000000100000000)
  region size 1024K, 19 young (19456K), 6 survivors (6144K)
 Metaspace       used 72408K, committed 73984K, reserved 1114112K
  class space    used 9868K, committed 10624K, reserved 1048576K
GC Heap History (20 events):
Event: 2.219 GC heap before
{Heap before GC invocations=4 (full 0):
 garbage-first heap   total 78848K, used 76477K [0x0000000080000000, 0x0000000100000000)
  region size 1024K, 65 young (66560K), 10 survivors (10240K)
 Metaspace       used 30142K, committed 30720K, reserved 1114112K
  class space    used 3912K, committed 4160K, reserved 1048576K
}
Event: 2.224 GC heap after
{Heap after GC invocations=5 (full 0):
 garbage-first heap   total 92160K, used 24610K [0x0000000080000000, 0x0000000100000000)
  region size 1024K, 13 young (13312K), 13 survivors (13312K)
 Metaspace       used 30142K, committed 30720K, reserved 1114112K
  class space    used 3912K, committed 4160K, reserved 1048576K
}
Event: 2.666 GC heap before
{Heap before GC invocations=5 (full 0):
 garbage-first heap   total 92160K, used 59426K [0x0000000080000000, 0x0000000100000000)
  region size 1024K, 49 young (50176K), 13 survivors (13312K)
 Metaspace       used 35156K, committed 35968K, reserved 1114112K
  class space    used 4728K, committed 5120K, reserved 1048576K
}
Event: 2.670 GC heap after
{Heap after GC invocations=6 (full 0):
 garbage-first heap   total 92160K, used 26507K [0x0000000080000000, 0x0000000100000000)
  region size 1024K, 6 young (6144K), 6 survivors (6144K)
 Metaspace       used 35156K, committed 35968K, reserved 1114112K
  class space    used 4728K, committed 5120K, reserved 1048576K
}
Event: 2.692 GC heap before
{Heap before GC invocations=6 (full 0):
 garbage-first heap   total 92160K, used 29579K [0x0000000080000000, 0x0000000100000000)
  region size 1024K, 10 young (10240K), 6 survivors (6144K)
 Metaspace       used 35463K, committed 36288K, reserved 1114112K
  class space    used 4778K, committed 5184K, reserved 1048576K
}
Event: 2.693 GC heap after
{Heap after GC invocations=7 (full 0):
 garbage-first heap   total 92160K, used 26892K [0x0000000080000000, 0x0000000100000000)
  region size 1024K, 3 young (3072K), 3 survivors (3072K)
 Metaspace       used 35463K, committed 36288K, reserved 1114112K
  class space    used 4778K, committed 5184K, reserved 1048576K
}
Event: 3.213 GC heap before
{Heap before GC invocations=8 (full 0):
 garbage-first heap   total 92160K, used 76044K [0x0000000080000000, 0x0000000100000000)
  region size 1024K, 51 young (52224K), 3 survivors (3072K)
 Metaspace       used 44342K, committed 45440K, reserved 1114112K
  class space    used 5992K, committed 6528K, reserved 1048576K
}
Event: 3.216 GC heap after
{Heap after GC invocations=9 (full 0):
 garbage-first heap   total 92160K, used 30854K [0x0000000080000000, 0x0000000100000000)
  region size 1024K, 7 young (7168K), 7 survivors (7168K)
 Metaspace       used 44342K, committed 45440K, reserved 1114112K
  class space    used 5992K, committed 6528K, reserved 1048576K
}
Event: 3.412 GC heap before
{Heap before GC invocations=9 (full 0):
 garbage-first heap   total 92160K, used 75910K [0x0000000080000000, 0x0000000100000000)
  region size 1024K, 52 young (53248K), 7 survivors (7168K)
 Metaspace       used 46424K, committed 47680K, reserved 1114112K
  class space    used 6242K, committed 6848K, reserved 1048576K
}
Event: 3.415 GC heap after
{Heap after GC invocations=10 (full 0):
 garbage-first heap   total 92160K, used 33370K [0x0000000080000000, 0x0000000100000000)
  region size 1024K, 3 young (3072K), 3 survivors (3072K)
 Metaspace       used 46424K, committed 47680K, reserved 1114112K
  class space    used 6242K, committed 6848K, reserved 1048576K
}
Event: 3.824 GC heap before
{Heap before GC invocations=10 (full 0):
 garbage-first heap   total 92160K, used 78426K [0x0000000080000000, 0x0000000100000000)
  region size 1024K, 47 young (48128K), 3 survivors (3072K)
 Metaspace       used 51676K, committed 53120K, reserved 1114112K
  class space    used 7112K, committed 7808K, reserved 1048576K
}
Event: 3.826 GC heap after
{Heap after GC invocations=11 (full 0):
 garbage-first heap   total 92160K, used 36056K [0x0000000080000000, 0x0000000100000000)
  region size 1024K, 6 young (6144K), 6 survivors (6144K)
 Metaspace       used 51676K, committed 53120K, reserved 1114112K
  class space    used 7112K, committed 7808K, reserved 1048576K
}
Event: 4.214 GC heap before
{Heap before GC invocations=11 (full 0):
 garbage-first heap   total 92160K, used 80088K [0x0000000080000000, 0x0000000100000000)
  region size 1024K, 48 young (49152K), 6 survivors (6144K)
 Metaspace       used 58251K, committed 59712K, reserved 1114112K
  class space    used 7927K, committed 8640K, reserved 1048576K
}
Event: 4.217 GC heap after
{Heap after GC invocations=12 (full 0):
 garbage-first heap   total 92160K, used 38026K [0x0000000080000000, 0x0000000100000000)
  region size 1024K, 3 young (3072K), 3 survivors (3072K)
 Metaspace       used 58251K, committed 59712K, reserved 1114112K
  class space    used 7927K, committed 8640K, reserved 1048576K
}
Event: 4.264 GC heap before
{Heap before GC invocations=12 (full 0):
 garbage-first heap   total 92160K, used 42122K [0x0000000080000000, 0x0000000100000000)
  region size 1024K, 8 young (8192K), 3 survivors (3072K)
 Metaspace       used 59199K, committed 60608K, reserved 1114112K
  class space    used 8066K, committed 8768K, reserved 1048576K
}
Event: 4.266 GC heap after
{Heap after GC invocations=13 (full 0):
 garbage-first heap   total 92160K, used 38179K [0x0000000080000000, 0x0000000100000000)
  region size 1024K, 3 young (3072K), 3 survivors (3072K)
 Metaspace       used 59199K, committed 60608K, reserved 1114112K
  class space    used 8066K, committed 8768K, reserved 1048576K
}
Event: 4.769 GC heap before
{Heap before GC invocations=14 (full 0):
 garbage-first heap   total 92160K, used 80163K [0x0000000080000000, 0x0000000100000000)
  region size 1024K, 44 young (45056K), 3 survivors (3072K)
 Metaspace       used 64385K, committed 65920K, reserved 1114112K
  class space    used 8894K, committed 9664K, reserved 1048576K
}
Event: 4.772 GC heap after
{Heap after GC invocations=15 (full 0):
 garbage-first heap   total 92160K, used 40925K [0x0000000080000000, 0x0000000100000000)
  region size 1024K, 5 young (5120K), 5 survivors (5120K)
 Metaspace       used 64385K, committed 65920K, reserved 1114112K
  class space    used 8894K, committed 9664K, reserved 1048576K
}
Event: 7.133 GC heap before
{Heap before GC invocations=15 (full 0):
 garbage-first heap   total 92160K, used 79837K [0x0000000080000000, 0x0000000100000000)
  region size 1024K, 44 young (45056K), 5 survivors (5120K)
 Metaspace       used 71777K, committed 73344K, reserved 1114112K
  class space    used 9790K, committed 10560K, reserved 1048576K
}
Event: 7.137 GC heap after
{Heap after GC invocations=16 (full 0):
 garbage-first heap   total 92160K, used 45875K [0x0000000080000000, 0x0000000100000000)
  region size 1024K, 6 young (6144K), 6 survivors (6144K)
 Metaspace       used 71777K, committed 73344K, reserved 1114112K
  class space    used 9790K, committed 10560K, reserved 1048576K
}

